<?xml version="1.0" encoding="UTF-8"?>
<!-- Generated by org.testng.reporters.JUnitReportReporter -->
<testsuite hostname="DESKTOP-DKGOJOA" failures="0" tests="1" name="com.test.testing.TestCalc" time="0.023" errors="0" timestamp="2024-01-28T17:01:37 IST" skipped="0">
  <testcase classname="com.test.testing.TestCalc" name="Testadd" time="0.023"/>
  <system-out/>
</testsuite> <!-- com.test.testing.TestCalc -->
