<?xml version="1.0" encoding="UTF-8"?>
<!-- Generated by org.testng.reporters.JUnitReportReporter -->
<testsuite hostname="DESKTOP-DKGOJOA" failures="0" tests="1" name="com.jenkins.TestCalc" time="0.022" errors="0" timestamp="2024-01-28T16:48:04 IST" skipped="0">
  <testcase classname="com.jenkins.TestCalc" name="Testadd" time="0.022"/>
  <system-out/>
</testsuite> <!-- com.jenkins.TestCalc -->
